#
# A fatal error has been detected by the Java Runtime Environment:
#
#  EXCEPTION_ACCESS_VIOLATION (0xc0000005) at pc=0x000000005f13ce96, pid=5308, tid=15920
#
# JRE version: Java(TM) SE Runtime Environment (7.0_79-b15) (build 1.7.0_79-b15)
# Java VM: Java HotSpot(TM) 64-Bit Server VM (24.79-b02 mixed mode windows-amd64 compressed oops)
# Problematic frame:
# V  [jvm.dll+0x1ece96]
#
# Failed to write core dump. Minidumps are not enabled by default on client versions of Windows
#
# If you would like to submit a bug report, please visit:
#   http://bugreport.java.com/bugreport/crash.jsp
#

---------------  T H R E A D  ---------------

Current thread (0x000000000a343800):  JavaThread "Thread-32" [_thread_in_vm, id=15920, stack(0x0000000012cd0000,0x0000000012dd0000)]

siginfo: ExceptionCode=0xc0000005, reading address 0x000000000000000a

Registers:
RAX=0x0000000000000000, RBX=0x0000000012dceed0, RCX=0x0000000012dceed0, RDX=0x0000000000000028
RSP=0x0000000012dcec10, RBP=0x0000000012dcefa9, RSI=0x000000000a343800, RDI=0x0000000000000000
R8 =0x0000000000000000, R9 =0x0000000000000006, R10=0x00000000bc739518, R11=0x00000000c21ff630
R12=0x0000000000000000, R13=0x000000000bddd970, R14=0x000000000a18b1c0, R15=0x00000000000000b6
RIP=0x000000005f13ce96, EFLAGS=0x0000000000010206

Top of Stack: (sp=0x0000000012dcec10)
0x0000000012dcec10:   00000000bb1326d5 0000000012dcecc8
0x0000000012dcec20:   00000000bb289bf0 000000006cdb3930
0x0000000012dcec30:   00000000bb132828 0000000000000000
0x0000000012dcec40:   0000000012dceca8 0000000012dced10
0x0000000012dcec50:   0000000000000000 0000000000000000
0x0000000012dcec60:   0000000000000000 0000000000000000
0x0000000012dcec70:   0000000000000000 0000000000000000
0x0000000012dcec80:   0000000000000000 0000000000000000
0x0000000012dcec90:   0000000000000000 0000000000000000
0x0000000012dceca0:   00000000c0f45078 0000000000000064
0x0000000012dcecb0:   0000000000000173 000000000000014e
0x0000000012dcecc0:   00000000000001f1 000000005f1213ad
0x0000000012dcecd0:   0000000012dcecd0 00000000bb43ac8b
0x0000000012dcece0:   000000000a343800 343100000a343800
0x0000000012dcecf0:   0000003737353232 000000005f127cb2
0x0000000012dced00:   000000000a343800 000000000084d038 

Instructions: (pc=0x000000005f13ce96)
0x000000005f13ce76:   01 00 00 48 8b 05 a0 be 54 00 48 33 c4 48 89 84
0x000000005f13ce86:   24 30 01 00 00 4c 63 41 10 48 8b 41 08 48 8b d9
0x000000005f13ce96:   42 38 54 00 0a 74 33 44 0f be c2 48 8d 4c 24 20
0x000000005f13cea6:   48 8d 15 03 d8 3a 00 e8 de 0b e3 ff 48 8d 0d 97 


Register to memory mapping:

RAX=0x0000000000000000 is an unknown value
RBX=0x0000000012dceed0 is pointing into the stack for thread: 0x000000000a343800
RCX=0x0000000012dceed0 is pointing into the stack for thread: 0x000000000a343800
RDX=0x0000000000000028 is an unknown value
RSP=0x0000000012dcec10 is pointing into the stack for thread: 0x000000000a343800
RBP=0x0000000012dcefa9 is pointing into the stack for thread: 0x000000000a343800
RSI=0x000000000a343800 is a thread
RDI=0x0000000000000000 is an unknown value
R8 =0x0000000000000000 is an unknown value
R9 =0x0000000000000006 is an unknown value
R10=0x00000000bc739518 is an oop
{constant pool} 
 - klass: {other class}
 - holder: 0x00000000bc72ed58
 - cache: 0x00000000bc739ec0
 -   1 :  : klass_index=72 name_and_type_index=123
 -   2 :  : "" {0xc0f48080}
 -   3 :  : klass_index=71 name_and_type_index=125
 -   4 :  : 'vrimplantacao/classe/ConexaoSQLite' {0xbbf7e790}
 -   5 :  : klass_index=4 name_and_type_index=123
 -   6 :  : klass_index=4 name_and_type_index=127
 -   7 :  : klass_index=128 name_and_type_index=129
 -   8 :  : klass_index=71 name_and_type_index=130
 -   9 :  : 'java/lang/StringBuilder' {0xbae8ed78}
 -  10 :  : klass_index=9 name_and_type_index=123
 -  11 :  : "select	
	i.id,
       v.id id_venda,
	i.scoo coo,
	i.sccf_cvc_cbp ccf,
	i.snum_item sequencia,
	i.scodigo_produto id_produto,
	i.sdescricao descricao,
	i.sunidade unidade,
	i.rquantidade qtd,
	i.rvalor_unitario valorvenda,
	i.rvalor_total_liquido subtotalimpressora,
	i.sst cst,
	i.rtaxa_aliquota icms,
	i.sindicador_cancelamento cancelado
from	
	r05 i
join r04 v on i.scoo = v.scoo
where	
	substr(sDataINICIO_EMISSAO,7)||substr(sDataINICIO_EMISSAO,4,2)||substr(sDataINICIO_EMISSAO,1,2) between '" {0xc17b3db8}
 -  12 :  : klass_index=9 name_and_type_index=133
 -  13 :  : klass_index=134 name_and_type_index=135
 -  14 :  : klass_index=136 name_and_type_index=137
 -  15 :  : "' and '" {0xc175bcd8}
 -  16 :  : "'" {0xc122dc00}
 -  17 :  : klass_index=9 name_and_type_index=140
 -  18 :  : klass_index=141 name_and_type_index=142
 -  19 :  : klass_index=71 name_and_type_index=143
 -  20 :  : 'java/lang/Exception' {0xbae25188}
 -  21 :  : klass_index=134 name_and_type_index=145
 -  22 :  : klass_index=146 name_and_type_index=147
 -  23 :  : "Erro ao obter a venda" {0xc175bc80}
 -  24 :  : klass_index=149 name_and_type_index=150
 -  25 :  : 'java/lang/RuntimeException' {0xbae25a30}
 -  26 :  : klass_index=25 name_and_type_index=152
 -  27 :  : klass_index=71 name_and_type_index=153
 -  28 :  : klass_index=71 name_and_type_index=154
 -  29 :  : 'java/lang/UnsupportedOperationException'
 -  30 :  : "Not supported." {0xc179b988}
 -  31 :  : klass_index=29 name_and_type_index=157
 -  32 :  : klass_index=158 name_and_type_index=159
 -  33 :  : 'vrimplantacao2/dao/cadastro/produto/ProdutoAnteriorDAO' {0xbc7303b8}
 -  34 :  : klass_index=33 name_and_type_index=123
 -  35 :  : 'vrimplantacao2/vo/importacao/VendaItemIMP' {0xbc72e658}
 -  36 :  : klass_index=35 name_and_type_index=123
 -  37 :  : "id" {0xc0fae4f0}
 -  38 :  : klass_index=158 name_and_type_index=163
 -  39 :  : klass_index=35 name_and_type_index=164
 -  40 :  : "idvenda" {0xc17b3d80}
 -  41 :  : klass_index=35 name_and_type_index=166
 -  42 :  : "SOPHYX" {0xc17c62b8}
 -  43 :  : "idproduto" {0xc17c6278}
 -  44 :  : klass_index=33 name_and_type_index=169
 -  45 :  : klass_index=170 name_and_type_index=171
 -  46 :  : klass_index=35 name_and_type_index=172
 -  47 :  : "descricao" {0xc0fae520}
 -  48 :  : klass_index=35 name_and_type_index=174
 -  49 :  : "qtd" {0xc1810270}
 -  50 :  : klass_index=158 name_and_type_index=176
 -  51 :  : klass_index=35 name_and_type_index=177
 -  52 :  : "subtotalimpressora" {0xc179b938}
 -  53 :  : klass_index=35 name_and_type_index=179
 -  54 :  : "S" {0xc11bb268}
 -  55 :  : "cancelado" {0xc171ffc8}
 -  56 :  : klass_index=170 name_and_type_index=182
 -  57 :  : klass_index=170 name_and_type_index=183
 -  58 :  : klass_index=35 name_and_type_index=184
 -  59 :  : klass_index=35 name_and_type_index=185
 -  60 :  : "unidade" {0xc1810288}
 -  61 :  : klass_index=35 name_and_type_index=187
 -  62 :  : "cst" {0xc10f5ae0}
 -  63 :  : klass_index=170 name_and_type_index=189
 -  64 :  : "T" {0xc123e368}
 -  65 :  : "F" {0xc17892b0}
 -  66 :  : "icms" {0xc18102a0}
 -  67 :  : klass_index=35 name_and_type_index=193
 -  68 :  : klass_index=35 name_and_type_index=194
 -  69 :  : klass_index=35 name_and_type_index=195
 -  70 :  : klass_index=71 name_and_type_index=196
 -  71 :  : 'vrimplantacao2/dao/interfaces/SophyxDAO$VendaItemIterator' {0xbc72ed58}
 -  72 :  : 'java/lang/Object' {0xbae02bf8}
 -  73 :  : 'java/util/Iterator'
 -  74 :  : 'stm'
 -  75 :  : 'Ljava/sql/Statement;'
 -  76 :  : 'rst'
 -  77 :  : 'Ljava/sql/ResultSet;'
 -  78 :  : 'next'
 -  79 :  : 'Lvrimplantacao2/vo/importacao/VendaItemIMP;'
 -  80 :  : 'loja'
 -  81 :  : 'Ljava/lang/String;'
 -  82 :  : '<init>'
 -  83 :  : '(Ljava/lang/String;Ljava/util/Date;Ljava/util/Date;)V'
 -  84 :  : 'Code'
 -  85 :  : 'LineNumberTable'
 -  86 :  : 'LocalVariableTable'
 -  87 :  : 'sqLite'
 -  88 :  : 'Lvrimplantacao/classe/ConexaoSQLite;'
 -  89 :  : 'ex'
 -  90 :  : 'Ljava/lang/Exception;'
 -  91 :  : 'this'
 -  92 :  : 'VendaItemIterator'
 -  93 :  : 'InnerClasses'
 -  94 :  : 'Lvrimplantacao2/dao/interfaces/SophyxDAO$VendaItemIterator;'
 -  95 :  : 'idLojaCliente'
 -  96 :  : 'dataInicio'
 -  97 :  : 'Ljava/util/Date;'
 -  98 :  : 'dataTermino'
 -  99 :  : 'StackMapTable'
 - 100 :  : 'vrimplantacao2/dao/interfaces/SophyxDAO$VendaItemIterator'
 - 101 :  : 'java/lang/String'
 - 102 :  : 'java/util/Date'
 - 103 :  : 'java/lang/Exception'
 - 104 :  : 'hasNext'
 - 105 :  : '()Z'
 - 106 :  : 'org.netbeans.SourceLevelAnnotations'
 - 107 :  : 'Ljava/lang/Override;'
 - 108 :  : '()Lvrimplantacao2/vo/importacao/VendaItemIMP;'
 - 109 :  : 'result'
 - 110 :  : 'remove'
 - 111 :  : '()V'
 - 112 :  : 'processarNext'
 - 113 :  : 'antDAO'
 - 114 :  : 'Lvrimplantacao2/dao/cadastro/produto/ProdutoAnteriorDAO;'
 - 115 :  : 'idProduto'
 - 116 :  : 'I'
 - 117 :  : 'vrimplantacao2/dao/cadastro/produto/ProdutoAnteriorDAO'
 - 118 :  : '()Ljava/lang/Object;'
 - 119 :  : 'Signature'
 - 120 :  : 'Ljava/lang/Object;Ljava/util/Iterator<Lvrimplantacao2/vo/importacao/VendaItemIMP;>;'
 - 121 :  : 'SourceFile'
 - 122 :  : 'SophyxDAO.java'
 - 123 :  : name_index=82 signature_index=111
 - 124 :  : ''
 - 125 :  : name_index=80 signature_index=81
 - 126 :  : 'vrimplantacao/classe/ConexaoSQLite'
 - 127 :  : name_index=202 signature_index=203
 - 128 :  : 'java/sql/Connection' {0xbb6c6f50}
 - 129 :  : name_index=205 signature_index=206
 - 130 :  : name_index=74 signature_index=75
 - 131 :  : 'java/lang/StringBuilder'
 - 132 :  : 'select	
	i.id,
       v.id id_venda,
	i.scoo coo,
	i.sccf_cvc_cbp ccf,
	i.snum_item sequencia,
	i.scodigo_produto id_produto,
	i.sdescricao descricao,
	i.sunidade unidade,
	i.rquantidade qtd,
	i.rvalor_unitario valorvenda,
	i.rvalor_total_liquido subtotalimpressora,
	i.sst cst,
	i.rtaxa_aliquota icms,
	i.sindicador_cancelamento cancelado
from	
	r05 i
join r04 v on i.scoo = v.scoo
where	
	substr(sDataINICIO_EMISSAO,7)||substr(sDataINICIO_EMISSAO,4,2)||substr(sDataINICIO_EMISSAO,1,2) between ''
 - 133 :  : name_index=207 signature_index=208
 - 134 :  : 'vrimplantacao2/dao/interfaces/SophyxDAO' {0xbbf4c050}
 - 135 :  : name_index=210 signature_index=211
 - 136 :  : 'java/text/SimpleDateFormat' {0xbb6d9f80}
 - 137 :  : name_index=213 signature_index=214
 - 138 :  : '' and ''
 - 139 :  : '''
 - 140 :  : name_index=215 signature_index=216
 - 141 :  : 'java/sql/Statement' {0xbb7bf098}
 - 142 :  : name_index=218 signature_index=219
 - 143 :  : name_index=76 signature_index=77
 - 144 :  : 'java/lang/Exception'
 - 145 :  : name_index=220 signature_index=221
 - 146 :  : 'java/util/logging/Level' {0xbb0c3b78}
 - 147 :  : name_index=223 signature_index=224
 - 148 :  : 'Erro ao obter a venda'
 - 149 :  : 'java/util/logging/Logger' {0xbb0bf168}
 - 150 :  : name_index=226 signature_index=227
 - 151 :  : 'java/lang/RuntimeException'
 - 152 :  : name_index=82 signature_index=228
 - 153 :  : name_index=112 signature_index=111
 - 154 :  : name_index=78 signature_index=79
 - 155 :  : 'java/lang/UnsupportedOperationException'
 - 156 :  : 'Not supported.'
 - 157 :  : name_index=82 signature_index=229
 - 158 :  : 'java/sql/ResultSet' {0xbbbbeb48}
 - 159 :  : name_index=78 signature_index=105
 - 160 :  : 'vrimplantacao2/dao/cadastro/produto/ProdutoAnteriorDAO'
 - 161 :  : 'vrimplantacao2/vo/importacao/VendaItemIMP'
 - 162 :  : 'id'
 - 163 :  : name_index=231 signature_index=232
 - 164 :  : name_index=233 signature_index=229
 - 165 :  : 'idvenda'
 - 166 :  : name_index=234 signature_index=229
 - 167 :  : 'SOPHYX'
 - 168 :  : 'idproduto'
 - 169 :  : name_index=235 signature_index=236
 - 170 :  : 'java/lang/String' {0xbae0b010}
 - 171 :  : name_index=237 signature_index=238
 - 172 :  : name_index=239 signature_index=229
 - 173 :  : 'descricao'
 - 174 :  : name_index=240 signature_index=229
 - 175 :  : 'qtd'
 - 176 :  : name_index=241 signature_index=242
 - 177 :  : name_index=243 signature_index=244
 - 178 :  : 'subtotalimpressora'
 - 179 :  : name_index=245 signature_index=244
 - 180 :  : 'S'
 - 181 :  : 'cancelado'
 - 182 :  : name_index=246 signature_index=216
 - 183 :  : name_index=247 signature_index=248
 - 184 :  : name_index=249 signature_index=250
 - 185 :  : name_index=251 signature_index=229
 - 186 :  : 'unidade'
 - 187 :  : name_index=252 signature_index=229
 - 188 :  : 'cst'
 - 189 :  : name_index=253 signature_index=254
 - 190 :  : 'T'
 - 191 :  : 'F'
 - 192 :  : 'icms'
 - 193 :  : name_index=255 signature_index=244
 - 194 :  : name_index=256 signature_index=257
 - 195 :  : name_index=258 signature_index=244
 - 196 :  : name_index=78 signature_index=108
 - 197 :  : 'vrimplantacao2/dao/interfaces/SophyxDAO$VendaItemIterator'
 - 198 :  : 'java/lang/Object'
 - 199 :  : 'java/util/Iterator'
 - 200 :  : 'java/lang/String'
 - 201 :  : 'java/util/Date'
 - 202 :  : 'get'
 - 203 :  : '()Ljava/sql/Connection;'
 - 204 :  : 'java/sql/Connection'
 - 205 :  : 'createStatement'
 - 206 :  : '()Ljava/sql/Statement;'
 - 207 :  : 'append'
 - 208 :  : '(Ljava/lang/String;)Ljava/lang/StringBuilder;'
 - 209 :  : 'vrimplantacao2/dao/interfaces/SophyxDAO'
 - 210 :  : 'DATE_FORMAT'
 - 211 :  : 'Ljava/text/SimpleDateFormat;'
 - 212 :  : 'java/text/SimpleDateFormat'
 - 213 :  : 'format'
 - 214 :  : '(Ljava/util/Date;)Ljava/lang/String;'
 - 215 :  : 'toString'
 - 216 :  : '()Ljava/lang/String;'
 - 217 :  : 'java/sql/Statement'
 - 218 :  : 'executeQuery'
 - 219 :  : '(Ljava/lang/String;)Ljava/sql/ResultSet;'
 - 220 :  : 'access$000'
 - 221 :  : '()Ljava/util/logging/Logger;'
 - 222 :  : 'java/util/logging/Level'
 - 223 :  : 'SEVERE'
 - 224 :  : 'Ljava/util/logging/Level;'
 - 225 :  : 'java/util/logging/Logger'
 - 226 :  : 'log'
 - 227 :  : '(Ljava/util/logging/Level;Ljava/lang/String;Ljava/lang/Throwable;)V'
 - 228 :  : '(Ljava/lang/Throwable;)V'
 - 229 :  : '(Ljava/lang/String;)V'
 - 230 :  : 'java/sql/ResultSet'
 - 231 :  : 'getString'
 - 232 :  : '(Ljava/lang/String;)Ljava/lang/String;'
 - 233 :  : 'setId'
 - 234 :  : 'setVenda'
 - 235 :  : 'getCodigoAtualEANant'
 - 236 :  : '(Ljava/lang/String;Ljava/lang/String;Ljava/lang/String;)I'
 - 237 :  : 'valueOf'
 - 238 :  : '(I)Ljava/lang/String;'
 - 239 :  : 'setProduto'
 - 240 :  : 'setDescricaoReduzida'
 - 241 :  : 'getDouble'
 - 242 :  : '(Ljava/lang/String;)D'
 - 243 :  : 'setQuantidade'
 - 244 :  : '(D)V'
 - 245 :  : 'setTotalBruto'
 - 246 :  : 'trim'
 - 247 :  : 'equals'
 - 248 :  : '(Ljava/lang/Object;)Z'
 - 249 :  : 'setCancelado'
 - 250 :  : '(Z)V'
 - 251 :  : 'setCodigoBarras'
 - 252 :  : 'setUnidadeMedida'
 - 253 :  : 'hashCode'
 - 254 :  : '()I'
 - 255 :  : 'setIcmsAliq'
 - 256 :  : 'setIcmsCst'
 - 257 :  : '(I)V'
 - 258 :  : 'setIcmsReduzido'
 - 259 :  : "id_venda" {0xc17c6240}
 - 260 :  : 'id_venda'
 - 261 :  : "id_venda" {0xc17c6240}
 - 262 :  : "id_produto" {0xc180fa70}
 - 263 :  : 'id_produto'
 - 264 :  : "id_venda" {0xc17c6240}

R11=0x00000000c21ff630 is an oop
org.sqlite.core.NativeDB 
 - klass: 'org/sqlite/core/NativeDB'
R12=0x0000000000000000 is an unknown value
R13=0x000000000bddd970 is an unknown value
R14=0x000000000a18b1c0 is an unknown value
R15=0x00000000000000b6 is an unknown value


Stack: [0x0000000012cd0000,0x0000000012dd0000],  sp=0x0000000012dcec10,  free space=1019k
Native frames: (J=compiled Java code, j=interpreted, Vv=VM code, C=native code)
V  [jvm.dll+0x1ece96]

Java frames: (J=compiled Java code, j=interpreted, Vv=VM code)
j  vrimplantacao2.dao.interfaces.SophyxDAO$VendaItemIterator.processarNext()V+72
J 1846 C2 vrimplantacao2.dao.cadastro.venda.VendaItemImpDao$GravarItensTransaction.call()Ljava/lang/Void; (288 bytes) @ 0x0000000002ba2fb0 [0x0000000002ba2d00+0x2b0]
j  vrimplantacao2.dao.cadastro.venda.VendaItemImpDao$GravarItensTransaction.call()Ljava/lang/Object;+1
j  com.j256.ormlite.stmt.StatementExecutor.doCallBatchTasks(Lcom/j256/ormlite/support/DatabaseConnection;ZLjava/util/concurrent/Callable;)Ljava/lang/Object;+70
j  com.j256.ormlite.stmt.StatementExecutor.doCallBatchTasks(Lcom/j256/ormlite/support/ConnectionSource;Ljava/util/concurrent/Callable;)Ljava/lang/Object;+42
j  com.j256.ormlite.stmt.StatementExecutor.callBatchTasks(Lcom/j256/ormlite/support/ConnectionSource;Ljava/util/concurrent/Callable;)Ljava/lang/Object;+23
j  com.j256.ormlite.dao.BaseDaoImpl.callBatchTasks(Ljava/util/concurrent/Callable;)Ljava/lang/Object;+13
j  vrimplantacao2.dao.cadastro.venda.VendaItemImpDao.persistir(Ljava/util/Iterator;)V+28
j  vrimplantacao2.dao.interfaces.Importador.importarVendas([Lvrimplantacao2/dao/cadastro/venda/OpcaoVenda;)V+80
j  vrimplantacao2.gui.interfaces.SophyxVendaGUI$2.run()V+470
v  ~StubRoutines::call_stub

---------------  P R O C E S S  ---------------

Java Threads: ( => current thread )
  0x000000000a345800 JavaThread "Thread-33" [_thread_blocked, id=15924, stack(0x0000000012dd0000,0x0000000012ed0000)]
=>0x000000000a343800 JavaThread "Thread-32" [_thread_in_vm, id=15920, stack(0x0000000012cd0000,0x0000000012dd0000)]
  0x000000000a348800 JavaThread "pool-5-thread-1" [_thread_blocked, id=15720, stack(0x0000000012bd0000,0x0000000012cd0000)]
  0x000000000a342800 JavaThread "pool-4-thread-1" [_thread_blocked, id=864, stack(0x00000000125d0000,0x00000000126d0000)]
  0x000000000a348000 JavaThread "pool-3-thread-1" [_thread_blocked, id=14444, stack(0x000000000fa00000,0x000000000fb00000)]
  0x000000000a345000 JavaThread "Swing-Shell" daemon [_thread_blocked, id=14860, stack(0x000000000e000000,0x000000000e100000)]
  0x000000000bade800 JavaThread "pool-1-thread-1" [_thread_blocked, id=6252, stack(0x000000000df00000,0x000000000e000000)]
  0x0000000002565800 JavaThread "DestroyJavaVM" [_thread_blocked, id=13320, stack(0x0000000002460000,0x0000000002560000)]
  0x000000000b7a1000 JavaThread "Thread-4" [_thread_blocked, id=8868, stack(0x000000000dc00000,0x000000000dd00000)]
  0x000000000a91a000 JavaThread "TimerQueue" daemon [_thread_blocked, id=6496, stack(0x000000000db00000,0x000000000dc00000)]
  0x000000000aacd800 JavaThread "org.netbeans.modules.debugger.jpda.visual AWT Access Loop" daemon [_thread_blocked, id=9944, stack(0x000000000cd00000,0x000000000ce00000)]
  0x000000000b715800 JavaThread "AWT-EventQueue-0" [_thread_in_native, id=14996, stack(0x000000000c6c0000,0x000000000c7c0000)]
  0x000000000a7a3800 JavaThread "AWT-Windows" daemon [_thread_in_native, id=5292, stack(0x000000000b000000,0x000000000b100000)]
  0x000000000a7a0800 JavaThread "AWT-Shutdown" [_thread_blocked, id=14364, stack(0x000000000af00000,0x000000000b000000)]
  0x000000000a79e000 JavaThread "Java2D Disposer" daemon [_thread_blocked, id=14480, stack(0x000000000ae00000,0x000000000af00000)]
  0x0000000008462800 JavaThread "Service Thread" daemon [_thread_blocked, id=6376, stack(0x0000000009eb0000,0x0000000009fb0000)]
  0x0000000008467000 JavaThread "C2 CompilerThread1" daemon [_thread_blocked, id=12404, stack(0x0000000009db0000,0x0000000009eb0000)]
  0x0000000008461800 JavaThread "C2 CompilerThread0" daemon [_thread_blocked, id=5656, stack(0x0000000009cb0000,0x0000000009db0000)]
  0x0000000008451800 JavaThread "JDWP Command Reader" daemon [_thread_in_native, id=11492, stack(0x0000000009bb0000,0x0000000009cb0000)]
  0x000000000844e800 JavaThread "JDWP Event Helper Thread" daemon [_thread_blocked, id=5644, stack(0x0000000009ab0000,0x0000000009bb0000)]
  0x0000000008440000 JavaThread "JDWP Transport Listener: dt_shmem" daemon [_thread_blocked, id=10560, stack(0x00000000099b0000,0x0000000009ab0000)]
  0x0000000008437000 JavaThread "Attach Listener" daemon [_thread_blocked, id=3424, stack(0x00000000098b0000,0x00000000099b0000)]
  0x0000000008436800 JavaThread "Signal Dispatcher" daemon [_thread_blocked, id=2456, stack(0x00000000097b0000,0x00000000098b0000)]
  0x000000000264c800 JavaThread "Finalizer" daemon [_thread_blocked, id=14704, stack(0x00000000096b0000,0x00000000097b0000)]
  0x0000000008415800 JavaThread "Reference Handler" daemon [_thread_blocked, id=3440, stack(0x00000000095b0000,0x00000000096b0000)]

Other Threads:
  0x0000000008413800 VMThread [stack: 0x00000000094b0000,0x00000000095b0000] [id=2776]
  0x00000000084ae800 WatcherThread [stack: 0x000000000a3b0000,0x000000000a4b0000] [id=5480]

VM state:not at safepoint (normal execution)

VM Mutex/Monitor currently owned by a thread: None

Heap
 PSYoungGen      total 102400K, used 1957K [0x00000000eaa80000, 0x00000000f1080000, 0x0000000100000000)
  eden space 100352K, 1% used [0x00000000eaa80000,0x00000000eac69748,0x00000000f0c80000)
  from space 2048K, 0% used [0x00000000f0c80000,0x00000000f0c80000,0x00000000f0e80000)
  to   space 2048K, 0% used [0x00000000f0e80000,0x00000000f0e80000,0x00000000f1080000)
 ParOldGen       total 175104K, used 35929K [0x00000000c0000000, 0x00000000cab00000, 0x00000000eaa80000)
  object space 175104K, 20% used [0x00000000c0000000,0x00000000c2316430,0x00000000cab00000)
 PSPermGen       total 29696K, used 26830K [0x00000000bae00000, 0x00000000bcb00000, 0x00000000c0000000)
  object space 29696K, 90% used [0x00000000bae00000,0x00000000bc833b00,0x00000000bcb00000)

Card table byte_map: [0x0000000005660000,0x0000000005890000] byte_map_base: 0x0000000005089000

Polling page: 0x0000000000420000

Code Cache  [0x0000000002660000, 0x0000000002c20000, 0x0000000005660000)
 total_blobs=2391 nmethods=1865 adapters=484 free_code_cache=43396Kb largest_free_block=44348160

Compilation events (10 events):
Event: 2287.737 Thread 0x0000000008467000 2027             javax.swing.GroupLayout::getComponentInfo (62 bytes)
Event: 2287.743 Thread 0x0000000008467000 nmethod 2027 0x0000000002c0b750 code [0x0000000002c0b900, 0x0000000002c0bea8]
Event: 2291.075 Thread 0x0000000008461800 2028             javax.swing.plaf.basic.BasicTabbedPaneUI::tabForCoordinate (122 bytes)
Event: 2291.078 Thread 0x0000000008461800 nmethod 2028 0x0000000002c09750 code [0x0000000002c098c0, 0x0000000002c09c38]
Event: 2296.571 Thread 0x0000000008467000 2029             javax.swing.JMenuItem::getComponent (2 bytes)
Event: 2296.572 Thread 0x0000000008467000 nmethod 2029 0x0000000002c09550 code [0x0000000002c09680, 0x0000000002c096d8]
Event: 2296.635 Thread 0x0000000008461800 2030             javax.swing.JMenuItem::getSubElements (5 bytes)
Event: 2296.636 Thread 0x0000000008461800 nmethod 2030 0x0000000002c0fed0 code [0x0000000002c10020, 0x0000000002c100d8]
Event: 2305.840 Thread 0x0000000008467000 2031             vrimplantacao2.dao.interfaces.SophyxDAO$VendaIterator::hasNext (17 bytes)
Event: 2305.841 Thread 0x0000000008467000 nmethod 2031 0x0000000002c0b4d0 code [0x0000000002c0b620, 0x0000000002c0b6a8]

GC Heap History (10 events):
Event: 2305.986 GC heap before
{Heap before GC invocations=143 (full 18):
 PSYoungGen      total 84992K, used 84480K [0x00000000eaa80000, 0x00000000f0000000, 0x0000000100000000)
  eden space 83456K, 100% used [0x00000000eaa80000,0x00000000efc00000,0x00000000efc00000)
  from space 1536K, 66% used [0x00000000efe80000,0x00000000eff80000,0x00000000f0000000)
  to   space 2048K, 0% used [0x00000000efc00000,0x00000000efc00000,0x00000000efe00000)
 ParOldGen       total 175104K, used 55428K [0x00000000c0000000, 0x00000000cab00000, 0x00000000eaa80000)
  object space 175104K, 31% used [0x00000000c0000000,0x00000000c3621100,0x00000000cab00000)
 PSPermGen       total 30720K, used 26831K [0x00000000bae00000, 0x00000000bcc00000, 0x00000000c0000000)
  object space 30720K, 87% used [0x00000000bae00000,0x00000000bc833de0,0x00000000bcc00000)
Event: 2305.989 GC heap after
Heap after GC invocations=143 (full 18):
 PSYoungGen      total 85504K, used 992K [0x00000000eaa80000, 0x00000000f1080000, 0x0000000100000000)
  eden space 83456K, 0% used [0x00000000eaa80000,0x00000000eaa80000,0x00000000efc00000)
  from space 2048K, 48% used [0x00000000efc00000,0x00000000efcf8000,0x00000000efe00000)
  to   space 2048K, 0% used [0x00000000f0e80000,0x00000000f0e80000,0x00000000f1080000)
 ParOldGen       total 175104K, used 55428K [0x00000000c0000000, 0x00000000cab00000, 0x00000000eaa80000)
  object space 175104K, 31% used [0x00000000c0000000,0x00000000c3621100,0x00000000cab00000)
 PSPermGen       total 30720K, used 26831K [0x00000000bae00000, 0x00000000bcc00000, 0x00000000c0000000)
  object space 30720K, 87% used [0x00000000bae00000,0x00000000bc833de0,0x00000000bcc00000)
}
Event: 2305.993 GC heap before
{Heap before GC invocations=144 (full 18):
 PSYoungGen      total 85504K, used 3136K [0x00000000eaa80000, 0x00000000f1080000, 0x0000000100000000)
  eden space 83456K, 2% used [0x00000000eaa80000,0x00000000eac98078,0x00000000efc00000)
  from space 2048K, 48% used [0x00000000efc00000,0x00000000efcf8000,0x00000000efe00000)
  to   space 2048K, 0% used [0x00000000f0e80000,0x00000000f0e80000,0x00000000f1080000)
 ParOldGen       total 175104K, used 55428K [0x00000000c0000000, 0x00000000cab00000, 0x00000000eaa80000)
  object space 175104K, 31% used [0x00000000c0000000,0x00000000c3621100,0x00000000cab00000)
 PSPermGen       total 30720K, used 26831K [0x00000000bae00000, 0x00000000bcc00000, 0x00000000c0000000)
  object space 30720K, 87% used [0x00000000bae00000,0x00000000bc833de0,0x00000000bcc00000)
Event: 2305.995 GC heap after
Heap after GC invocations=144 (full 18):
 PSYoungGen      total 102400K, used 64K [0x00000000eaa80000, 0x00000000f1080000, 0x0000000100000000)
  eden space 100352K, 0% used [0x00000000eaa80000,0x00000000eaa80000,0x00000000f0c80000)
  from space 2048K, 3% used [0x00000000f0e80000,0x00000000f0e90000,0x00000000f1080000)
  to   space 2048K, 0% used [0x00000000f0c80000,0x00000000f0c80000,0x00000000f0e80000)
 ParOldGen       total 175104K, used 55452K [0x00000000c0000000, 0x00000000cab00000, 0x00000000eaa80000)
  object space 175104K, 31% used [0x00000000c0000000,0x00000000c3627100,0x00000000cab00000)
 PSPermGen       total 30720K, used 26831K [0x00000000bae00000, 0x00000000bcc00000, 0x00000000c0000000)
  object space 30720K, 87% used [0x00000000bae00000,0x00000000bc833de0,0x00000000bcc00000)
}
Event: 2305.995 GC heap before
{Heap before GC invocations=145 (full 19):
 PSYoungGen      total 102400K, used 64K [0x00000000eaa80000, 0x00000000f1080000, 0x0000000100000000)
  eden space 100352K, 0% used [0x00000000eaa80000,0x00000000eaa80000,0x00000000f0c80000)
  from space 2048K, 3% used [0x00000000f0e80000,0x00000000f0e90000,0x00000000f1080000)
  to   space 2048K, 0% used [0x00000000f0c80000,0x00000000f0c80000,0x00000000f0e80000)
 ParOldGen       total 175104K, used 55452K [0x00000000c0000000, 0x00000000cab00000, 0x00000000eaa80000)
  object space 175104K, 31% used [0x00000000c0000000,0x00000000c3627100,0x00000000cab00000)
 PSPermGen       total 30720K, used 26831K [0x00000000bae00000, 0x00000000bcc00000, 0x00000000c0000000)
  object space 30720K, 87% used [0x00000000bae00000,0x00000000bc833de0,0x00000000bcc00000)
Event: 2306.082 GC heap after
Heap after GC invocations=145 (full 19):
 PSYoungGen      total 102400K, used 0K [0x00000000eaa80000, 0x00000000f1080000, 0x0000000100000000)
  eden space 100352K, 0% used [0x00000000eaa80000,0x00000000eaa80000,0x00000000f0c80000)
  from space 2048K, 0% used [0x00000000f0e80000,0x00000000f0e80000,0x00000000f1080000)
  to   space 2048K, 0% used [0x00000000f0c80000,0x00000000f0c80000,0x00000000f0e80000)
 ParOldGen       total 175104K, used 35981K [0x00000000c0000000, 0x00000000cab00000, 0x00000000eaa80000)
  object space 175104K, 20% used [0x00000000c0000000,0x00000000c23237d8,0x00000000cab00000)
 PSPermGen       total 30208K, used 26830K [0x00000000bae00000, 0x00000000bcb80000, 0x00000000c0000000)
  object space 30208K, 88% used [0x00000000bae00000,0x00000000bc833b00,0x00000000bcb80000)
}
Event: 2306.180 GC heap before
{Heap before GC invocations=146 (full 19):
 PSYoungGen      total 102400K, used 2075K [0x00000000eaa80000, 0x00000000f1080000, 0x0000000100000000)
  eden space 100352K, 2% used [0x00000000eaa80000,0x00000000eac86ce0,0x00000000f0c80000)
  from space 2048K, 0% used [0x00000000f0e80000,0x00000000f0e80000,0x00000000f1080000)
  to   space 2048K, 0% used [0x00000000f0c80000,0x00000000f0c80000,0x00000000f0e80000)
 ParOldGen       total 175104K, used 35981K [0x00000000c0000000, 0x00000000cab00000, 0x00000000eaa80000)
  object space 175104K, 20% used [0x00000000c0000000,0x00000000c23237d8,0x00000000cab00000)
 PSPermGen       total 30208K, used 26830K [0x00000000bae00000, 0x00000000bcb80000, 0x00000000c0000000)
  object space 30208K, 88% used [0x00000000bae00000,0x00000000bc833b00,0x00000000bcb80000)
Event: 2306.181 GC heap after
Heap after GC invocations=146 (full 19):
 PSYoungGen      total 102400K, used 64K [0x00000000eaa80000, 0x00000000f1080000, 0x0000000100000000)
  eden space 100352K, 0% used [0x00000000eaa80000,0x00000000eaa80000,0x00000000f0c80000)
  from space 2048K, 3% used [0x00000000f0c80000,0x00000000f0c90000,0x00000000f0e80000)
  to   space 2048K, 0% used [0x00000000f0e80000,0x00000000f0e80000,0x00000000f1080000)
 ParOldGen       total 175104K, used 35981K [0x00000000c0000000, 0x00000000cab00000, 0x00000000eaa80000)
  object space 175104K, 20% used [0x00000000c0000000,0x00000000c23237d8,0x00000000cab00000)
 PSPermGen       total 30208K, used 26830K [0x00000000bae00000, 0x00000000bcb80000, 0x00000000c0000000)
  object space 30208K, 88% used [0x00000000bae00000,0x00000000bc833b00,0x00000000bcb80000)
}
Event: 2306.182 GC heap before
{Heap before GC invocations=147 (full 20):
 PSYoungGen      total 102400K, used 64K [0x00000000eaa80000, 0x00000000f1080000, 0x0000000100000000)
  eden space 100352K, 0% used [0x00000000eaa80000,0x00000000eaa80000,0x00000000f0c80000)
  from space 2048K, 3% used [0x00000000f0c80000,0x00000000f0c90000,0x00000000f0e80000)
  to   space 2048K, 0% used [0x00000000f0e80000,0x00000000f0e80000,0x00000000f1080000)
 ParOldGen       total 175104K, used 35981K [0x00000000c0000000, 0x00000000cab00000, 0x00000000eaa80000)
  object space 175104K, 20% used [0x00000000c0000000,0x00000000c23237d8,0x00000000cab00000)
 PSPermGen       total 30208K, used 26830K [0x00000000bae00000, 0x00000000bcb80000, 0x00000000c0000000)
  object space 30208K, 88% used [0x00000000bae00000,0x00000000bc833b00,0x00000000bcb80000)
Event: 2306.233 GC heap after
Heap after GC invocations=147 (full 20):
 PSYoungGen      total 102400K, used 0K [0x00000000eaa80000, 0x00000000f1080000, 0x0000000100000000)
  eden space 100352K, 0% used [0x00000000eaa80000,0x00000000eaa80000,0x00000000f0c80000)
  from space 2048K, 0% used [0x00000000f0c80000,0x00000000f0c80000,0x00000000f0e80000)
  to   space 2048K, 0% used [0x00000000f0e80000,0x00000000f0e80000,0x00000000f1080000)
 ParOldGen       total 175104K, used 35929K [0x00000000c0000000, 0x00000000cab00000, 0x00000000eaa80000)
  object space 175104K, 20% used [0x00000000c0000000,0x00000000c2316430,0x00000000cab00000)
 PSPermGen       total 29696K, used 26830K [0x00000000bae00000, 0x00000000bcb00000, 0x00000000c0000000)
  object space 29696K, 90% used [0x00000000bae00000,0x00000000bc833b00,0x00000000bcb00000)
}

Deoptimization events (10 events):
Event: 2231.596 Thread 0x000000000a348800 Uncommon trap: reason=unreached action=reinterpret pc=0x0000000002ac4d24 method=vrimplantacao2.dao.cadastro.venda.MapaVendaDAO.getProdutoPorMapeamento(Ljava/lang/String;)Ljava/lang/Integer; @ 4
Event: 2233.300 Thread 0x000000000a348800 Uncommon trap: reason=null_check action=make_not_entrant pc=0x0000000002bd51fc method=vrimplantacao2.dao.cadastro.venda.PdvVendaItemDAO.getProdutoPorEANAtual(J)Ljava/lang/Integer; @ 298
Event: 2287.515 Thread 0x000000000b715800 Uncommon trap: reason=bimorphic action=maybe_recompile pc=0x0000000002a0dd9c method=javax.swing.GroupLayout.getComponentInfo(Ljava/awt/Component;)Ljavax/swing/GroupLayout$ComponentInfo; @ 56
Event: 2287.717 Thread 0x000000000b715800 Uncommon trap: reason=bimorphic action=maybe_recompile pc=0x0000000002aa34a8 method=javax.swing.GroupLayout.layoutContainer(Ljava/awt/Container;)V @ 6
Event: 2287.737 Thread 0x000000000b715800 Uncommon trap: reason=bimorphic action=maybe_recompile pc=0x0000000002aa34a8 method=javax.swing.GroupLayout.layoutContainer(Ljava/awt/Container;)V @ 6
Event: 2294.203 Thread 0x000000000b715800 Uncommon trap: reason=unhandled action=none pc=0x0000000002962c14 method=java.text.DateFormat.parse(Ljava/lang/String;)Ljava/util/Date; @ 58
Event: 2296.772 Thread 0x000000000b715800 Uncommon trap: reason=unhandled action=none pc=0x0000000002962c14 method=java.text.DateFormat.parse(Ljava/lang/String;)Ljava/util/Date; @ 58
Event: 2305.570 Thread 0x000000000a343800 Uncommon trap: reason=class_check action=maybe_recompile pc=0x0000000002b34868 method=com.j256.ormlite.misc.IOUtils.closeThrowSqlException(Ljava/io/Closeable;Ljava/lang/String;)V @ 5
Event: 2306.082 Thread 0x000000000264c800 Uncommon trap: reason=unhandled action=none pc=0x00000000029b4090 method=org.sqlite.core.CoreStatement.internalClose()V @ 19
Event: 2306.085 Thread 0x000000000264c800 Uncommon trap: reason=unhandled action=none pc=0x00000000029b4090 method=org.sqlite.core.CoreStatement.internalClose()V @ 19

Internal exceptions (10 events):
Event: 2090.057 Thread 0x000000000a348800 Implicit null exception at 0x0000000002ac2f2c to 0x0000000002ac30ad
Event: 2231.593 Thread 0x000000000a348800 Implicit null exception at 0x0000000002adb404 to 0x0000000002adb9f1
Event: 2231.596 Thread 0x000000000a348800 Implicit null exception at 0x0000000002ac47e4 to 0x0000000002ac4d0d
Event: 2233.300 Thread 0x000000000a348800 Implicit null exception at 0x0000000002bd45a4 to 0x0000000002bd51ed
Event: 2272.960 Thread 0x000000000a347000 Threw 0x00000000edb11c60 at C:\re\jdk7u79\2331\hotspot\src\share\vm\interpreter\linkResolver.cpp:978
Event: 2287.523 Thread 0x000000000b715800 Threw 0x00000000eb2f5658 at C:\re\jdk7u79\2331\hotspot\src\share\vm\interpreter\linkResolver.cpp:892
Event: 2287.523 Thread 0x000000000b715800 Threw 0x00000000eb2f5878 at C:\re\jdk7u79\2331\hotspot\src\share\vm\interpreter\linkResolver.cpp:892
Event: 2287.523 Thread 0x000000000b715800 Threw 0x00000000eb2f5a98 at C:\re\jdk7u79\2331\hotspot\src\share\vm\interpreter\linkResolver.cpp:892
Event: 2287.523 Thread 0x000000000b715800 Threw 0x00000000eb2f5cb8 at C:\re\jdk7u79\2331\hotspot\src\share\vm\interpreter\linkResolver.cpp:892
Event: 2287.523 Thread 0x000000000b715800 Threw 0x00000000eb2f5ed8 at C:\re\jdk7u79\2331\hotspot\src\share\vm\interpreter\linkResolver.cpp:892

Events (10 events):
Event: 2306.082 Thread 0x000000000264c800 DEOPT UNPACKING pc=0x00000000026975a4 sp=0x00000000097af320 mode 2
Event: 2306.085 Thread 0x000000000264c800 DEOPT PACKING pc=0x00000000029a31b4 sp=0x00000000097af4d0
Event: 2306.085 Thread 0x000000000264c800 DEOPT UNPACKING pc=0x00000000026992b9 sp=0x00000000097af170 mode 1
Event: 2306.085 Thread 0x000000000264c800 Uncommon trap: trap_request=0xffffffa7 fr.pc=0x00000000029b4090
Event: 2306.085 Thread 0x000000000264c800 DEOPT PACKING pc=0x00000000029b4090 sp=0x00000000097af410
Event: 2306.085 Thread 0x000000000264c800 DEOPT UNPACKING pc=0x00000000026975a4 sp=0x00000000097af320 mode 2
Event: 2306.085 Thread 0x000000000264c800 DEOPT PACKING pc=0x00000000029a31b4 sp=0x00000000097af4d0
Event: 2306.085 Thread 0x000000000264c800 DEOPT UNPACKING pc=0x00000000026992b9 sp=0x00000000097af170 mode 1
Event: 2306.180 Executing VM operation: ParallelGCSystemGC
Event: 2306.233 Executing VM operation: ParallelGCSystemGC done


Dynamic libraries:
0x00007ff7fe110000 - 0x00007ff7fe143000 	C:\Program Files\Java\jdk1.7.0_79\bin\java.exe
0x00007fffec6f0000 - 0x00007fffec8d1000 	C:\WINDOWS\SYSTEM32\ntdll.dll
0x00007fffeb060000 - 0x00007fffeb111000 	C:\WINDOWS\System32\KERNEL32.DLL
0x00007fffe8ba0000 - 0x00007fffe8e13000 	C:\WINDOWS\System32\KERNELBASE.dll
0x00007fffec570000 - 0x00007fffec611000 	C:\WINDOWS\System32\ADVAPI32.dll
0x00007fffe9dd0000 - 0x00007fffe9e6e000 	C:\WINDOWS\System32\msvcrt.dll
0x00007fffea1f0000 - 0x00007fffea24b000 	C:\WINDOWS\System32\sechost.dll
0x00007fffe9e70000 - 0x00007fffe9f94000 	C:\WINDOWS\System32\RPCRT4.dll
0x00007fffea5e0000 - 0x00007fffea771000 	C:\WINDOWS\System32\USER32.dll
0x00007fffe8b80000 - 0x00007fffe8ba0000 	C:\WINDOWS\System32\win32u.dll
0x00007fffea5b0000 - 0x00007fffea5d8000 	C:\WINDOWS\System32\GDI32.dll
0x00007fffe8e20000 - 0x00007fffe8fb1000 	C:\WINDOWS\System32\gdi32full.dll
0x00007fffe99c0000 - 0x00007fffe9a5f000 	C:\WINDOWS\System32\msvcp_win.dll
0x00007fffe9a60000 - 0x00007fffe9b58000 	C:\WINDOWS\System32\ucrtbase.dll
0x00007fffe1130000 - 0x00007fffe1399000 	C:\WINDOWS\WinSxS\amd64_microsoft.windows.common-controls_6595b64144ccf1df_6.0.17134.1130_none_d3ff42617c90becf\COMCTL32.dll
0x00007fffead10000 - 0x00007fffeb031000 	C:\WINDOWS\System32\combase.dll
0x00007fffe8aa0000 - 0x00007fffe8b19000 	C:\WINDOWS\System32\bcryptPrimitives.dll
0x00007fffe9fa0000 - 0x00007fffe9fcd000 	C:\WINDOWS\System32\IMM32.DLL
0x000000005ee70000 - 0x000000005ef42000 	C:\Program Files\Java\jdk1.7.0_79\jre\bin\msvcr100.dll
0x000000005ef50000 - 0x000000005f725000 	C:\Program Files\Java\jdk1.7.0_79\jre\bin\server\jvm.dll
0x00007fffea5a0000 - 0x00007fffea5a8000 	C:\WINDOWS\System32\PSAPI.DLL
0x00007fffe47e0000 - 0x00007fffe47e9000 	C:\WINDOWS\SYSTEM32\WSOCK32.dll
0x00007fffe5870000 - 0x00007fffe5893000 	C:\WINDOWS\SYSTEM32\WINMM.dll
0x00007fffea530000 - 0x00007fffea59c000 	C:\WINDOWS\System32\WS2_32.dll
0x00007fffe5820000 - 0x00007fffe584a000 	C:\WINDOWS\SYSTEM32\winmmbase.dll
0x00007fffe9780000 - 0x00007fffe97c9000 	C:\WINDOWS\System32\cfgmgr32.dll
0x000000005ee20000 - 0x000000005ee2f000 	C:\Program Files\Java\jdk1.7.0_79\jre\bin\verify.dll
0x000000005edf0000 - 0x000000005ee18000 	C:\Program Files\Java\jdk1.7.0_79\jre\bin\java.dll
0x000000005eab0000 - 0x000000005eae5000 	C:\Program Files\Java\jdk1.7.0_79\jre\bin\jdwp.dll
0x000000005dcc0000 - 0x000000005dcc8000 	C:\Program Files\Java\jdk1.7.0_79\jre\bin\npt.dll
0x000000005edd0000 - 0x000000005ede5000 	C:\Program Files\Java\jdk1.7.0_79\jre\bin\zip.dll
0x000000005eb00000 - 0x000000005eb0b000 	C:\Program Files\Java\jdk1.7.0_79\jre\bin\dt_shmem.dll
0x000000005ebf0000 - 0x000000005ed85000 	C:\Program Files\Java\jdk1.7.0_79\jre\bin\awt.dll
0x00007fffeac40000 - 0x00007fffead02000 	C:\WINDOWS\System32\OLEAUT32.dll
0x00007fffe6df0000 - 0x00007fffe6e7b000 	C:\WINDOWS\SYSTEM32\apphelp.dll
0x00007fffe7060000 - 0x00007fffe70f8000 	C:\WINDOWS\system32\uxtheme.dll
0x00007fffea250000 - 0x00007fffea3c4000 	C:\WINDOWS\System32\MSCTF.dll
0x00007fffe7130000 - 0x00007fffe7159000 	C:\WINDOWS\system32\dwmapi.dll
0x00007fffe9bc0000 - 0x00007fffe9d11000 	C:\WINDOWS\System32\ole32.dll
0x00007fffe89e0000 - 0x00007fffe89f1000 	C:\WINDOWS\System32\kernel.appcore.dll
0x00007fffeb120000 - 0x00007fffec565000 	C:\WINDOWS\System32\SHELL32.dll
0x00007fffe9d20000 - 0x00007fffe9dc9000 	C:\WINDOWS\System32\shcore.dll
0x00007fffe8fc0000 - 0x00007fffe96d0000 	C:\WINDOWS\System32\windows.storage.dll
0x00007fffea4d0000 - 0x00007fffea521000 	C:\WINDOWS\System32\shlwapi.dll
0x00007fffe8a00000 - 0x00007fffe8a1f000 	C:\WINDOWS\System32\profapi.dll
0x00007fffe8a40000 - 0x00007fffe8a8c000 	C:\WINDOWS\System32\powrprof.dll
0x00007fffe8a90000 - 0x00007fffe8a9a000 	C:\WINDOWS\System32\FLTLIB.DLL
0x000000005eba0000 - 0x000000005ebe7000 	C:\Program Files\Java\jdk1.7.0_79\jre\bin\fontmanager.dll
0x000000005edb0000 - 0x000000005edca000 	C:\Program Files\Java\jdk1.7.0_79\jre\bin\net.dll
0x00007fffe8200000 - 0x00007fffe8266000 	C:\WINDOWS\system32\mswsock.dll
0x000000005ed90000 - 0x000000005eda1000 	C:\Program Files\Java\jdk1.7.0_79\jre\bin\nio.dll
0x000000005eb50000 - 0x000000005eb91000 	C:\Program Files\Java\jdk1.7.0_79\jre\bin\t2k.dll
0x00007fffe0fb0000 - 0x00007fffe1046000 	C:\WINDOWS\System32\TextInputFramework.dll
0x00007fffe68b0000 - 0x00007fffe698a000 	C:\WINDOWS\System32\CoreMessaging.dll
0x00007fffe2f10000 - 0x00007fffe322e000 	C:\WINDOWS\System32\CoreUIComponents.dll
0x00007fffe7aa0000 - 0x00007fffe7ad1000 	C:\WINDOWS\SYSTEM32\ntmarta.dll
0x00007fffe4e60000 - 0x00007fffe4fad000 	C:\WINDOWS\SYSTEM32\wintypes.dll
0x00007fffe7f90000 - 0x00007fffe804e000 	C:\WINDOWS\SYSTEM32\DNSAPI.dll
0x00007fffeabd0000 - 0x00007fffeabd8000 	C:\WINDOWS\System32\NSI.dll
0x00007fffe7f50000 - 0x00007fffe7f88000 	C:\WINDOWS\SYSTEM32\IPHLPAPI.DLL
0x00007fffe1d70000 - 0x00007fffe1d7a000 	C:\Windows\System32\rasadhlp.dll
0x00007fffe2110000 - 0x00007fffe2182000 	C:\WINDOWS\System32\fwpuclnt.dll
0x00007fffe84e0000 - 0x00007fffe8505000 	C:\WINDOWS\SYSTEM32\bcrypt.dll
0x00007fffec620000 - 0x00007fffec6c0000 	C:\WINDOWS\System32\clbcatq.dll
0x00007fffe3e10000 - 0x00007fffe3fbe000 	C:\WINDOWS\SYSTEM32\WindowsCodecs.dll
0x00007fffe5210000 - 0x00007fffe5268000 	C:\WINDOWS\system32\dataexchange.dll
0x00007fffe6710000 - 0x00007fffe68ac000 	C:\WINDOWS\system32\dcomp.dll
0x00007fffe5de0000 - 0x00007fffe60eb000 	C:\WINDOWS\system32\d3d11.dll
0x00007fffe7770000 - 0x00007fffe782b000 	C:\WINDOWS\system32\dxgi.dll
0x00007fffe7210000 - 0x00007fffe73c8000 	C:\WINDOWS\system32\twinapi.appcore.dll
0x00007fffe71b0000 - 0x00007fffe71d1000 	C:\WINDOWS\system32\RMCLIENT.dll
0x00007fffcb3e0000 - 0x00007fffcb487000 	C:\WINDOWS\WinSxS\amd64_microsoft.windows.common-controls_6595b64144ccf1df_5.82.17134.1130_none_557424652661399e\comctl32.dll
0x00007fffe49c0000 - 0x00007fffe4b75000 	C:\WINDOWS\system32\propsys.dll
0x00007fffcd830000 - 0x00007fffcd957000 	C:\WINDOWS\system32\NetworkExplorer.dll
0x00007fffe0710000 - 0x00007fffe0dab000 	C:\Windows\System32\OneCoreUAPCommonProxyStub.dll
0x00007fffe3690000 - 0x00007fffe36ec000 	C:\Windows\System32\thumbcache.dll
0x00007fffe43e0000 - 0x00007fffe4465000 	C:\WINDOWS\SYSTEM32\policymanager.dll
0x00007fffe56b0000 - 0x00007fffe5741000 	C:\WINDOWS\SYSTEM32\msvcp110_win.dll
0x00007fffd78e0000 - 0x00007fffd78fa000 	C:\WINDOWS\SYSTEM32\MPR.dll
0x00007fffd0000000 - 0x00007fffd000b000 	C:\WINDOWS\System32\drprov.dll
0x00007fffe8880000 - 0x00007fffe88d6000 	C:\WINDOWS\System32\WINSTA.dll
0x00007fffcff60000 - 0x00007fffcff76000 	C:\WINDOWS\System32\ntlanman.dll
0x00007fffcfe20000 - 0x00007fffcfe3d000 	C:\WINDOWS\System32\davclnt.dll
0x00007fffd8ba0000 - 0x00007fffd8bac000 	C:\WINDOWS\System32\DAVHLPR.dll
0x00007fffe4470000 - 0x00007fffe4487000 	C:\WINDOWS\System32\wkscli.dll
0x00007fffcfb60000 - 0x00007fffcfb72000 	C:\WINDOWS\SYSTEM32\cscapi.dll
0x00007fffe8050000 - 0x00007fffe805e000 	C:\WINDOWS\System32\netutils.dll
0x00007fffc1a90000 - 0x00007fffc1ada000 	C:\Windows\System32\dlnashext.dll
0x00007fffd0880000 - 0x00007fffd089e000 	C:\Windows\System32\DevDispItemProvider.dll
0x00007fffe8790000 - 0x00007fffe87b7000 	C:\WINDOWS\System32\DEVOBJ.dll
0x00007fffe2e30000 - 0x00007fffe2e46000 	C:\WINDOWS\SYSTEM32\dhcpcsvc6.DLL
0x00007fffe2aa0000 - 0x00007fffe2aba000 	C:\WINDOWS\SYSTEM32\dhcpcsvc.DLL
0x00007fffe39b0000 - 0x00007fffe39bb000 	C:\WINDOWS\SYSTEM32\WINNSI.DLL
0x00007fffe5470000 - 0x00007fffe54a6000 	C:\WINDOWS\System32\netprofm.dll
0x00007fffe0fa0000 - 0x00007fffe0faf000 	C:\WINDOWS\System32\npmproxy.dll
0x00007fffc4c10000 - 0x00007fffc4df1000 	C:\WINDOWS\system32\wpdshext.dll
0x00007fffdc050000 - 0x00007fffdc1eb000 	C:\WINDOWS\WinSxS\amd64_microsoft.windows.gdiplus_6595b64144ccf1df_1.1.17134.1130_none_04ea3546d723389d\gdiplus.dll
0x00007fffac460000 - 0x00007fffac4fc000 	C:\Windows\System32\PortableDeviceApi.dll
0x00007fffea780000 - 0x00007fffeabcb000 	C:\WINDOWS\System32\SETUPAPI.dll
0x00007fffe8b20000 - 0x00007fffe8b77000 	C:\WINDOWS\System32\WINTRUST.dll
0x00007fffe8a20000 - 0x00007fffe8a32000 	C:\WINDOWS\System32\MSASN1.dll
0x00007fffe97d0000 - 0x00007fffe99b2000 	C:\WINDOWS\System32\CRYPT32.dll
0x00007fffd8b60000 - 0x00007fffd8b97000 	C:\Windows\System32\EhStorShell.dll
0x00007fffb6900000 - 0x00007fffb6925000 	C:\Windows\System32\EhStorAPI.dll
0x00007fffe53a0000 - 0x00007fffe53b3000 	C:\Windows\System32\WTSAPI32.dll
0x00007fffe58a0000 - 0x00007fffe58ad000 	C:\WINDOWS\SYSTEM32\LINKINFO.dll
0x00007fffd7250000 - 0x00007fffd725c000 	C:\WINDOWS\SYSTEM32\Secur32.dll
0x00007fffe88e0000 - 0x00007fffe8910000 	C:\WINDOWS\SYSTEM32\SSPICLI.DLL
0x00007fffe3b30000 - 0x00007fffe3b48000 	C:\WINDOWS\SYSTEM32\samcli.dll
0x00007fffe4bd0000 - 0x00007fffe4bf3000 	C:\WINDOWS\SYSTEM32\SAMLIB.dll
0x00007fffe83b0000 - 0x00007fffe83c7000 	C:\WINDOWS\SYSTEM32\CRYPTSP.dll
0x00007fffe7db0000 - 0x00007fffe7de3000 	C:\WINDOWS\system32\rsaenh.dll
0x00007fffe8910000 - 0x00007fffe8938000 	C:\WINDOWS\SYSTEM32\USERENV.dll
0x00007fffe83d0000 - 0x00007fffe83db000 	C:\WINDOWS\SYSTEM32\CRYPTBASE.dll
0x000000006cd80000 - 0x000000006ce70000 	C:\Users\Importacao\AppData\Local\Temp\sqlite-3.16.1-4c4a1df7-1597-4bd9-bb80-495ce03a0031-sqlitejdbc.dll
0x000000005eb10000 - 0x000000005eb3a000 	C:\Program Files\Java\jdk1.7.0_79\jre\bin\dcpr.dll
0x00007fffd6d10000 - 0x00007fffd6ed9000 	C:\WINDOWS\SYSTEM32\dbghelp.dll

VM Arguments:
jvm_args: -Xdebug -Xrunjdwp:transport=dt_shmem,address=javadebug -Dfile.encoding=UTF-8 -Xms256m -Xmx1024m 
java_command: vrimplantacao.Main
Launcher Type: SUN_STANDARD

Environment Variables:
JAVA_HOME=C:\Program Files (x86)\Java\jre7
PATH=C:\Program Files (x86)\Common Files\Oracle\Java\javapath;C:\Program Files (x86)\Intel\iCLS Client\;C:\Program Files\Intel\iCLS Client\;C:\WINDOWS\system32;C:\WINDOWS;C:\WINDOWS\System32\Wbem;C:\WINDOWS\System32\WindowsPowerShell\v1.0\;C:\Program Files (x86)\Intel\Intel(R) Management Engine Components\DAL;C:\Program Files\Intel\Intel(R) Management Engine Components\DAL;C:\Program Files (x86)\Intel\Intel(R) Management Engine Components\IPT;C:\Program Files\Intel\Intel(R) Management Engine Components\IPT;C:\Program Files\Git\cmd;C:\Program Files\PostgreSQL\9.5\bin\;C:\Program Files\Microsoft SQL Server\Client SDK\ODBC\110\Tools\Binn\;C:\Program Files (x86)\Microsoft SQL Server\120\Tools\Binn\ManagementStudio\;C:\Program Files (x86)\Microsoft SQL Server\120\Tools\Binn\;C:\Program Files\Microsoft SQL Server\120\Tools\Binn\;C:\Program Files (x86)\Microsoft SQL Server\120\DTS\Binn\;C:\Program Files\Microsoft SQL Server\120\DTS\Binn\;C:\WINDOWS\System32\OpenSSH\;C:\Program Files (x86)\MySQL\MySQL Fabric 1.5 & MySQL Utilities 1.5\;C:\Program Files (x86)\MySQL\MySQL Fabric 1.5 & MySQL Utilities 1.5\Doctrine extensions for PHP\;C:\Users\Importacao\AppData\Local\Microsoft\WindowsApps;;C:\TDM-GCC-64\bin
USERNAME=Importacao
OS=Windows_NT
PROCESSOR_IDENTIFIER=Intel64 Family 6 Model 142 Stepping 9, GenuineIntel



---------------  S Y S T E M  ---------------

OS: Windows 8.1 , 64 bit Build 9600 

CPU:total 4 (2 cores per cpu, 2 threads per core) family 6 model 142 stepping 9, cmov, cx8, fxsr, mmx, sse, sse2, sse3, ssse3, sse4.1, sse4.2, popcnt, avx, avx2, aes, erms, ht, tsc, tscinvbit

Memory: 4k page, physical 8264452k(363732k free), swap 16473196k(3679324k free)

vm_info: Java HotSpot(TM) 64-Bit Server VM (24.79-b02) for windows-amd64 JRE (1.7.0_79-b15), built on Apr 10 2015 12:36:16 by "java_re" with unknown MS VC++:1600

time: Thu Nov 21 14:51:57 2019
elapsed time: 2306 seconds

